OMPL version 1.4.2
Experiment benchmarking
0 experiment properties
Running on ubuntu
Starting at 2019-05-16 13:46:44
<<<|
Properties of the state space 'SE2CompoundSpace0'
  - signature: 6 4 3 1 2 2 1 
  - dimension: 3
  - extent: 15.7129
  - sanity checks for state space passed
  - probability of valid states: 1
  - average length of a valid motion: 5.43243
  - average number of samples drawn per second: sampleUniform()=1.48668e+07 sampleUniformNear()=1.4075e+07 sampleGaussian()=5.28056e+06
Settings for the state space 'SE2CompoundSpace0'
  - state validity check resolution: 1%
  - valid segment count factor: 1
  - state space:
Compound state space 'SE2CompoundSpace0' of dimension 3 (locked) [
Real vector state space 'RealVectorSpace1' of dimension 2 with bounds: 
  - min: 0 0 
  - max: 10 10 
 of weight 1
SO2 state space 'SO2Space2'
 of weight 0.5
]
Registered projections:
  - <default>
Projection of dimension 2
Cell sizes (computed defaults): [0.5 0.5]

Declared parameters:
longest_valid_segment_fraction = 0.01
projection.cellsize.0 = 0.5
projection.cellsize.1 = 0.5
projection.cellsize_factor = 0
valid_segment_count_factor = 1
Valid state sampler named uniform with parameters:
nr_attempts = 100
  - control space:
Real vector control space 'RealVectorControl[SE2CompoundSpace0]' with bounds: 
  - min: -3 0 
  - max: 3 3 
  - can propagate backward: yes
  - propagation step size: 0.157129
  - propagation duration: [1, 10]
Start states:
Compound state [
RealVectorState [3 -3]
SO2State [0]
]
Goal state, threshold = 0.05, memory address = 0x2aa1e60, state = 
Compound state [
RealVectorState [45 25]
SO2State [0]
]
Optimization Objective: Path Length @0x2ab2e90
Optimization Threshold: 0
Average state cost: 0
There are 0 solutions

Properties of benchmarked planners:
Planner EST specs:
Multithreaded:                 No
Reports approximate solutions: Yes
Can optimize solutions:        No
Aware of the following parameters: goal_bias range
Planner KPIECE1 specs:
Multithreaded:                 No
Reports approximate solutions: Yes
Can optimize solutions:        No
Aware of the following parameters: bad_score_factor border_fraction goal_bias good_score_factor max_close_samples
Planner PDST specs:
Multithreaded:                 No
Reports approximate solutions: No
Can optimize solutions:        No
Aware of the following parameters: goal_bias
Planner RRT specs:
Multithreaded:                 No
Reports approximate solutions: Yes
Can optimize solutions:        No
Aware of the following parameters: goal_bias intermediate_states
Planner SST specs:
Multithreaded:                 No
Reports approximate solutions: Yes
Can optimize solutions:        No
Aware of the following parameters: goal_bias pruning_radius selection_radius
|>>>
<<<|
Architecture:        x86_64
CPU op-mode(s):      32-bit, 64-bit
Byte Order:          Little Endian
CPU(s):              2
On-line CPU(s) list: 0,1
Thread(s) per core:  1
Core(s) per socket:  1
Socket(s):           2
NUMA node(s):        1
Vendor ID:           GenuineIntel
CPU family:          6
Model:               158
Model name:          Intel(R) Core(TM) i7-8750H CPU @ 2.20GHz
Stepping:            10
CPU MHz:             2207.583
BogoMIPS:            4415.16
Hypervisor vendor:   VMware
Virtualization type: full
L1d cache:           32K
L1i cache:           32K
L2 cache:            256K
L3 cache:            9216K
NUMA node0 CPU(s):   0,1
Flags:               fpu vme de pse tsc msr pae mce cx8 apic sep mtrr pge mca cmov pat pse36 clflush mmx fxsr sse sse2 ss syscall nx pdpe1gb rdtscp lm constant_tsc arch_perfmon nopl xtopology tsc_reliable nonstop_tsc cpuid pni pclmulqdq ssse3 fma cx16 pcid sse4_1 sse4_2 x2apic movbe popcnt tsc_deadline_timer aes xsave avx f16c rdrand hypervisor lahf_lm abm 3dnowprefetch cpuid_fault invpcid_single pti ssbd ibrs ibpb stibp fsgsbase tsc_adjust bmi1 avx2 smep bmi2 invpcid mpx rdseed adx smap clflushopt xsaveopt xsavec xsaves arat flush_l1d arch_capabilities
|>>>
18439078708877276952 is the random seed
5 seconds per run
100 MB per run
3 runs per planner
76.585 seconds spent to collect the data
1 enum type
status|Unknown status|Invalid start|Invalid goal|Unrecognized goal type|Timeout|Approximate solution|Exact solution|Crash|Unknown status
5 planners
control_EST
7 common properties
goal_bias = 0.05
longest_valid_segment_fraction = 0.01
projection.cellsize.0 = 2.25
projection.cellsize.1 = 1.4
projection.cellsize_factor = 0
range = 3.14259
valid_segment_count_factor = 1
13 properties for each run
approximate solution BOOLEAN
correct solution BOOLEAN
graph motions INTEGER
graph states INTEGER
memory REAL
solution clearance REAL
solution difference REAL
solution length REAL
solution segments INTEGER
solved BOOLEAN
status ENUM
time REAL
valid segment fraction REAL
3 runs
1; 1; 10396; 10397; 84.4883; 0.758351; 47.8622; 6.28517; 10; 0; 5; 5.07401; 0; 
1; 1; 12962; 12963; 87.5312; 0.469332; 47.8679; 7.85647; 11; 0; 5; 5.10394; 0; 
1; 1; 11240; 11241; 89.5859; 0.838972; 47.8749; 10.6848; 15; 0; 5; 5.06343; 0; 
.
control_KPIECE1
10 common properties
bad_score_factor = 0.45
border_fraction = 0.8
goal_bias = 0.05
good_score_factor = 0.9
longest_valid_segment_fraction = 0.01
max_close_samples = 30
projection.cellsize.0 = 2.25
projection.cellsize.1 = 1.4
projection.cellsize_factor = 0
valid_segment_count_factor = 1
13 properties for each run
approximate solution BOOLEAN
correct solution BOOLEAN
graph motions INTEGER
graph states INTEGER
memory REAL
solution clearance REAL
solution difference REAL
solution length REAL
solution segments INTEGER
solved BOOLEAN
status ENUM
time REAL
valid segment fraction REAL
3 runs
1; 1; 2022; 2023; 89.5859; 0.787947; 47.9793; 19.3269; 58; 0; 5; 5.00214; 0; 
1; 1; 2266; 2267; 89.5859; 0.843307; 47.904; 6.59943; 22; 0; 5; 5.09596; 0; 
1; 1; 1883; 1884; 89.5859; 0.679062; 48.0058; 14.4559; 47; 0; 5; 5.01115; 0; 
.
control_PDST
6 common properties
goal_bias = 0.05
longest_valid_segment_fraction = 0.01
projection.cellsize.0 = 2.25
projection.cellsize.1 = 1.4
projection.cellsize_factor = 0
valid_segment_count_factor = 1
13 properties for each run
approximate solution BOOLEAN
correct solution BOOLEAN
graph motions INTEGER
graph states INTEGER
memory REAL
solution clearance REAL
solution difference REAL
solution length REAL
solution segments INTEGER
solved BOOLEAN
status ENUM
time REAL
valid segment fraction REAL
3 runs
1; 1; 14784; 14785; 95.207; 1.22039; 48.1172; 5.65666; 12; 0; 5; 5.06226; 0; 
1; 1; 14980; 14981; 99.582; 1.14701; 48.2137; 4.55675; 6; 0; 5; 5.01078; 0; 
1; 1; 16300; 16301; 100.094; 1.16555; 48.1294; 5.81378; 17; 0; 5; 5.11173; 0; 
.
control_RRT
7 common properties
goal_bias = 0.05
intermediate_states = 0
longest_valid_segment_fraction = 0.01
projection.cellsize.0 = 2.25
projection.cellsize.1 = 1.4
projection.cellsize_factor = 0
valid_segment_count_factor = 1
13 properties for each run
approximate solution BOOLEAN
correct solution BOOLEAN
graph motions INTEGER
graph states INTEGER
memory REAL
solution clearance REAL
solution difference REAL
solution length REAL
solution segments INTEGER
solved BOOLEAN
status ENUM
time REAL
valid segment fraction REAL
3 runs
1; 1; 4999; 5000; 100.867; 0.337702; 47.834; 8.64211; 22; 0; 5; 5.10175; 0; 
1; 1; 7478; 7479; 100.867; 0.764772; 47.8444; 7.22795; 16; 0; 5; 5.01179; 0; 
1; 1; 5300; 5301; 100.867; 0.532575; 47.8843; 7.85647; 18; 0; 5; 5.02879; 0; 
.
control_SST
8 common properties
goal_bias = 0.05
longest_valid_segment_fraction = 0.01
projection.cellsize.0 = 2.25
projection.cellsize.1 = 1.4
projection.cellsize_factor = 0
pruning_radius = 0.1
selection_radius = 0.2
valid_segment_count_factor = 1
13 properties for each run
approximate solution BOOLEAN
correct solution BOOLEAN
graph motions INTEGER
graph states INTEGER
memory REAL
solution clearance REAL
solution difference REAL
solution length REAL
solution segments INTEGER
solved BOOLEAN
status ENUM
time REAL
valid segment fraction REAL
3 runs
1; 1; 961; 963; 101.117; 0.545756; 47.8784; 8.17072; 14; 0; 5; 5.0816; 0; 
1; 1; 1970; 1972; 101.117; 0.56735; 48.0274; 8.17072; 12; 0; 5; 5.01011; 0; 
1; 1; 755; 757; 101.117; 0.62127; 47.9085; 5.3424; 11; 0; 5; 5.08393; 0; 
.
